Loading python/zen2/3.8.12
  Loading requirement: matplotlib/3.4.3/zen2
--------------------------------------------------------------------------
The library attempted to open the following supporting CUDA libraries,
but each of them failed.  CUDA-aware support is disabled.
libcuda.so.1: cannot open shared object file: No such file or directory
libcuda.dylib: cannot open shared object file: No such file or directory
/usr/lib64/libcuda.so.1: cannot open shared object file: No such file or directory
/usr/lib64/libcuda.dylib: cannot open shared object file: No such file or directory
If you are not interested in CUDA-aware support, then run with
--mca opal_warn_on_missing_libcuda 0 to suppress this message.  If you are interested
in CUDA-aware support, then try setting LD_LIBRARY_PATH to the location
of libcuda.so.1 to get passed this issue.
--------------------------------------------------------------------------
[1704604053.838877] [compute-a7-21:2463710:0]          parser.c:2037 UCX  WARN  unused environment variable: UCX_IB_RCACHE_MAX_REGIONS (maybe: UCX_RCACHE_MAX_REGIONS?)
[1704604053.838877] [compute-a7-21:2463710:0]          parser.c:2037 UCX  WARN  (set UCX_WARN_UNUSED_ENV_VARS=n to suppress this warning)
=============================================================================
Warning: particle_families are modified at /site-packages/yt/frontends/ramses
=============================================================================
yt : [ERROR    ] 2024-01-07 00:07:36,365 Could not enable parallelism: only one mpi process is running. To remedy this, launch the Python interpreter as
  mpirun -n <X> python3 <yourscript>.py  # with X > 1 
********************************************************************
 rendering gas properties movie 
********************************************************************
> running filter_snapshots
> processing ramses_snapshot
> found 157 snapshots
> returning 157
>>> done 
# ____________________________________________________________________
/scratch/zt1/project/ricotti-prj/user/fgarcia4/ramses/galaxies/data/cluster_evolution/haloD_varSFE_Lfid_Salp_ks20231024/output_00064/info_00064.txt
no stars
>>> saved: ../../container_tiramisu/renders/haloD_varSFE_Lfid_Salp_ks20231024/LfidSF/LfidSF-00064.png
# ____________________________________________________________________
/scratch/zt1/project/ricotti-prj/user/fgarcia4/ramses/galaxies/data/cluster_evolution/haloD_varSFE_Lfid_Salp_ks20231024/output_00065/info_00065.txt
>>> saved: ../../container_tiramisu/renders/haloD_varSFE_Lfid_Salp_ks20231024/LfidSF/LfidSF-00065.png
# ____________________________________________________________________
/scratch/zt1/project/ricotti-prj/user/fgarcia4/ramses/galaxies/data/cluster_evolution/haloD_varSFE_Lfid_Salp_ks20231024/output_00066/info_00066.txt
>>> saved: ../../container_tiramisu/renders/haloD_varSFE_Lfid_Salp_ks20231024/LfidSF/LfidSF-00066.png
# ____________________________________________________________________
/scratch/zt1/project/ricotti-prj/user/fgarcia4/ramses/galaxies/data/cluster_evolution/haloD_varSFE_Lfid_Salp_ks20231024/output_00067/info_00067.txt
>>> saved: ../../container_tiramisu/renders/haloD_varSFE_Lfid_Salp_ks20231024/LfidSF/LfidSF-00067.png
# ____________________________________________________________________
/scratch/zt1/project/ricotti-prj/user/fgarcia4/ramses/galaxies/data/cluster_evolution/haloD_varSFE_Lfid_Salp_ks20231024/output_00068/info_00068.txt
>>> saved: ../../container_tiramisu/renders/haloD_varSFE_Lfid_Salp_ks20231024/LfidSF/LfidSF-00068.png
# ____________________________________________________________________
/scratch/zt1/project/ricotti-prj/user/fgarcia4/ramses/galaxies/data/cluster_evolution/haloD_varSFE_Lfid_Salp_ks20231024/output_00069/info_00069.txt
>>> saved: ../../container_tiramisu/renders/haloD_varSFE_Lfid_Salp_ks20231024/LfidSF/LfidSF-00069.png
# ____________________________________________________________________
/scratch/zt1/project/ricotti-prj/user/fgarcia4/ramses/galaxies/data/cluster_evolution/haloD_varSFE_Lfid_Salp_ks20231024/output_00070/info_00070.txt
>>> saved: ../../container_tiramisu/renders/haloD_varSFE_Lfid_Salp_ks20231024/LfidSF/LfidSF-00070.png
# ____________________________________________________________________
/scratch/zt1/project/ricotti-prj/user/fgarcia4/ramses/galaxies/data/cluster_evolution/haloD_varSFE_Lfid_Salp_ks20231024/output_00071/info_00071.txt
>>> saved: ../../container_tiramisu/renders/haloD_varSFE_Lfid_Salp_ks20231024/LfidSF/LfidSF-00071.png
# ____________________________________________________________________
/scratch/zt1/project/ricotti-prj/user/fgarcia4/ramses/galaxies/data/cluster_evolution/haloD_varSFE_Lfid_Salp_ks20231024/output_00072/info_00072.txt
>>> saved: ../../container_tiramisu/renders/haloD_varSFE_Lfid_Salp_ks20231024/LfidSF/LfidSF-00072.png
# ____________________________________________________________________
/scratch/zt1/project/ricotti-prj/user/fgarcia4/ramses/galaxies/data/cluster_evolution/haloD_varSFE_Lfid_Salp_ks20231024/output_00073/info_00073.txt
>>> saved: ../../container_tiramisu/renders/haloD_varSFE_Lfid_Salp_ks20231024/LfidSF/LfidSF-00073.png
# ____________________________________________________________________
/scratch/zt1/project/ricotti-prj/user/fgarcia4/ramses/galaxies/data/cluster_evolution/haloD_varSFE_Lfid_Salp_ks20231024/output_00074/info_00074.txt
>>> saved: ../../container_tiramisu/renders/haloD_varSFE_Lfid_Salp_ks20231024/LfidSF/LfidSF-00074.png
# ____________________________________________________________________
/scratch/zt1/project/ricotti-prj/user/fgarcia4/ramses/galaxies/data/cluster_evolution/haloD_varSFE_Lfid_Salp_ks20231024/output_00075/info_00075.txt
>>> saved: ../../container_tiramisu/renders/haloD_varSFE_Lfid_Salp_ks20231024/LfidSF/LfidSF-00075.png
# ____________________________________________________________________
/scratch/zt1/project/ricotti-prj/user/fgarcia4/ramses/galaxies/data/cluster_evolution/haloD_varSFE_Lfid_Salp_ks20231024/output_00076/info_00076.txt
>>> saved: ../../container_tiramisu/renders/haloD_varSFE_Lfid_Salp_ks20231024/LfidSF/LfidSF-00076.png
# ____________________________________________________________________
/scratch/zt1/project/ricotti-prj/user/fgarcia4/ramses/galaxies/data/cluster_evolution/haloD_varSFE_Lfid_Salp_ks20231024/output_00077/info_00077.txt
>>> saved: ../../container_tiramisu/renders/haloD_varSFE_Lfid_Salp_ks20231024/LfidSF/LfidSF-00077.png
# ____________________________________________________________________
/scratch/zt1/project/ricotti-prj/user/fgarcia4/ramses/galaxies/data/cluster_evolution/haloD_varSFE_Lfid_Salp_ks20231024/output_00078/info_00078.txt
>>> saved: ../../container_tiramisu/renders/haloD_varSFE_Lfid_Salp_ks20231024/LfidSF/LfidSF-00078.png
# ____________________________________________________________________
/scratch/zt1/project/ricotti-prj/user/fgarcia4/ramses/galaxies/data/cluster_evolution/haloD_varSFE_Lfid_Salp_ks20231024/output_00079/info_00079.txt
>>> saved: ../../container_tiramisu/renders/haloD_varSFE_Lfid_Salp_ks20231024/LfidSF/LfidSF-00079.png
# ____________________________________________________________________
/scratch/zt1/project/ricotti-prj/user/fgarcia4/ramses/galaxies/data/cluster_evolution/haloD_varSFE_Lfid_Salp_ks20231024/output_00080/info_00080.txt
>>> saved: ../../container_tiramisu/renders/haloD_varSFE_Lfid_Salp_ks20231024/LfidSF/LfidSF-00080.png
# ____________________________________________________________________
/scratch/zt1/project/ricotti-prj/user/fgarcia4/ramses/galaxies/data/cluster_evolution/haloD_varSFE_Lfid_Salp_ks20231024/output_00081/info_00081.txt
>>> saved: ../../container_tiramisu/renders/haloD_varSFE_Lfid_Salp_ks20231024/LfidSF/LfidSF-00081.png
# ____________________________________________________________________
/scratch/zt1/project/ricotti-prj/user/fgarcia4/ramses/galaxies/data/cluster_evolution/haloD_varSFE_Lfid_Salp_ks20231024/output_00082/info_00082.txt
>>> saved: ../../container_tiramisu/renders/haloD_varSFE_Lfid_Salp_ks20231024/LfidSF/LfidSF-00082.png
# ____________________________________________________________________
/scratch/zt1/project/ricotti-prj/user/fgarcia4/ramses/galaxies/data/cluster_evolution/haloD_varSFE_Lfid_Salp_ks20231024/output_00083/info_00083.txt
>>> saved: ../../container_tiramisu/renders/haloD_varSFE_Lfid_Salp_ks20231024/LfidSF/LfidSF-00083.png
# ____________________________________________________________________
/scratch/zt1/project/ricotti-prj/user/fgarcia4/ramses/galaxies/data/cluster_evolution/haloD_varSFE_Lfid_Salp_ks20231024/output_00084/info_00084.txt
>>> saved: ../../container_tiramisu/renders/haloD_varSFE_Lfid_Salp_ks20231024/LfidSF/LfidSF-00084.png
# ____________________________________________________________________
/scratch/zt1/project/ricotti-prj/user/fgarcia4/ramses/galaxies/data/cluster_evolution/haloD_varSFE_Lfid_Salp_ks20231024/output_00085/info_00085.txt
>>> saved: ../../container_tiramisu/renders/haloD_varSFE_Lfid_Salp_ks20231024/LfidSF/LfidSF-00085.png
# ____________________________________________________________________
/scratch/zt1/project/ricotti-prj/user/fgarcia4/ramses/galaxies/data/cluster_evolution/haloD_varSFE_Lfid_Salp_ks20231024/output_00086/info_00086.txt
>>> saved: ../../container_tiramisu/renders/haloD_varSFE_Lfid_Salp_ks20231024/LfidSF/LfidSF-00086.png
# ____________________________________________________________________
/scratch/zt1/project/ricotti-prj/user/fgarcia4/ramses/galaxies/data/cluster_evolution/haloD_varSFE_Lfid_Salp_ks20231024/output_00087/info_00087.txt
>>> saved: ../../container_tiramisu/renders/haloD_varSFE_Lfid_Salp_ks20231024/LfidSF/LfidSF-00087.png
# ____________________________________________________________________
/scratch/zt1/project/ricotti-prj/user/fgarcia4/ramses/galaxies/data/cluster_evolution/haloD_varSFE_Lfid_Salp_ks20231024/output_00088/info_00088.txt
>>> saved: ../../container_tiramisu/renders/haloD_varSFE_Lfid_Salp_ks20231024/LfidSF/LfidSF-00088.png
# ____________________________________________________________________
/scratch/zt1/project/ricotti-prj/user/fgarcia4/ramses/galaxies/data/cluster_evolution/haloD_varSFE_Lfid_Salp_ks20231024/output_00089/info_00089.txt
>>> saved: ../../container_tiramisu/renders/haloD_varSFE_Lfid_Salp_ks20231024/LfidSF/LfidSF-00089.png
# ____________________________________________________________________
/scratch/zt1/project/ricotti-prj/user/fgarcia4/ramses/galaxies/data/cluster_evolution/haloD_varSFE_Lfid_Salp_ks20231024/output_00090/info_00090.txt
>>> saved: ../../container_tiramisu/renders/haloD_varSFE_Lfid_Salp_ks20231024/LfidSF/LfidSF-00090.png
# ____________________________________________________________________
/scratch/zt1/project/ricotti-prj/user/fgarcia4/ramses/galaxies/data/cluster_evolution/haloD_varSFE_Lfid_Salp_ks20231024/output_00091/info_00091.txt
>>> saved: ../../container_tiramisu/renders/haloD_varSFE_Lfid_Salp_ks20231024/LfidSF/LfidSF-00091.png
# ____________________________________________________________________
/scratch/zt1/project/ricotti-prj/user/fgarcia4/ramses/galaxies/data/cluster_evolution/haloD_varSFE_Lfid_Salp_ks20231024/output_00092/info_00092.txt
>>> saved: ../../container_tiramisu/renders/haloD_varSFE_Lfid_Salp_ks20231024/LfidSF/LfidSF-00092.png
# ____________________________________________________________________
/scratch/zt1/project/ricotti-prj/user/fgarcia4/ramses/galaxies/data/cluster_evolution/haloD_varSFE_Lfid_Salp_ks20231024/output_00093/info_00093.txt
>>> saved: ../../container_tiramisu/renders/haloD_varSFE_Lfid_Salp_ks20231024/LfidSF/LfidSF-00093.png
# ____________________________________________________________________
/scratch/zt1/project/ricotti-prj/user/fgarcia4/ramses/galaxies/data/cluster_evolution/haloD_varSFE_Lfid_Salp_ks20231024/output_00094/info_00094.txt
>>> saved: ../../container_tiramisu/renders/haloD_varSFE_Lfid_Salp_ks20231024/LfidSF/LfidSF-00094.png
# ____________________________________________________________________
/scratch/zt1/project/ricotti-prj/user/fgarcia4/ramses/galaxies/data/cluster_evolution/haloD_varSFE_Lfid_Salp_ks20231024/output_00095/info_00095.txt
>>> saved: ../../container_tiramisu/renders/haloD_varSFE_Lfid_Salp_ks20231024/LfidSF/LfidSF-00095.png
# ____________________________________________________________________
/scratch/zt1/project/ricotti-prj/user/fgarcia4/ramses/galaxies/data/cluster_evolution/haloD_varSFE_Lfid_Salp_ks20231024/output_00096/info_00096.txt
>>> saved: ../../container_tiramisu/renders/haloD_varSFE_Lfid_Salp_ks20231024/LfidSF/LfidSF-00096.png
# ____________________________________________________________________
/scratch/zt1/project/ricotti-prj/user/fgarcia4/ramses/galaxies/data/cluster_evolution/haloD_varSFE_Lfid_Salp_ks20231024/output_00097/info_00097.txt
>>> saved: ../../container_tiramisu/renders/haloD_varSFE_Lfid_Salp_ks20231024/LfidSF/LfidSF-00097.png
# ____________________________________________________________________
/scratch/zt1/project/ricotti-prj/user/fgarcia4/ramses/galaxies/data/cluster_evolution/haloD_varSFE_Lfid_Salp_ks20231024/output_00098/info_00098.txt
>>> saved: ../../container_tiramisu/renders/haloD_varSFE_Lfid_Salp_ks20231024/LfidSF/LfidSF-00098.png
# ____________________________________________________________________
/scratch/zt1/project/ricotti-prj/user/fgarcia4/ramses/galaxies/data/cluster_evolution/haloD_varSFE_Lfid_Salp_ks20231024/output_00099/info_00099.txt
>>> saved: ../../container_tiramisu/renders/haloD_varSFE_Lfid_Salp_ks20231024/LfidSF/LfidSF-00099.png
# ____________________________________________________________________
/scratch/zt1/project/ricotti-prj/user/fgarcia4/ramses/galaxies/data/cluster_evolution/haloD_varSFE_Lfid_Salp_ks20231024/output_00100/info_00100.txt
>>> saved: ../../container_tiramisu/renders/haloD_varSFE_Lfid_Salp_ks20231024/LfidSF/LfidSF-00100.png
# ____________________________________________________________________
/scratch/zt1/project/ricotti-prj/user/fgarcia4/ramses/galaxies/data/cluster_evolution/haloD_varSFE_Lfid_Salp_ks20231024/output_00101/info_00101.txt
>>> saved: ../../container_tiramisu/renders/haloD_varSFE_Lfid_Salp_ks20231024/LfidSF/LfidSF-00101.png
# ____________________________________________________________________
/scratch/zt1/project/ricotti-prj/user/fgarcia4/ramses/galaxies/data/cluster_evolution/haloD_varSFE_Lfid_Salp_ks20231024/output_00102/info_00102.txt
>>> saved: ../../container_tiramisu/renders/haloD_varSFE_Lfid_Salp_ks20231024/LfidSF/LfidSF-00102.png
# ____________________________________________________________________
/scratch/zt1/project/ricotti-prj/user/fgarcia4/ramses/galaxies/data/cluster_evolution/haloD_varSFE_Lfid_Salp_ks20231024/output_00103/info_00103.txt
>>> saved: ../../container_tiramisu/renders/haloD_varSFE_Lfid_Salp_ks20231024/LfidSF/LfidSF-00103.png
# ____________________________________________________________________
/scratch/zt1/project/ricotti-prj/user/fgarcia4/ramses/galaxies/data/cluster_evolution/haloD_varSFE_Lfid_Salp_ks20231024/output_00104/info_00104.txt
>>> saved: ../../container_tiramisu/renders/haloD_varSFE_Lfid_Salp_ks20231024/LfidSF/LfidSF-00104.png
# ____________________________________________________________________
/scratch/zt1/project/ricotti-prj/user/fgarcia4/ramses/galaxies/data/cluster_evolution/haloD_varSFE_Lfid_Salp_ks20231024/output_00105/info_00105.txt
>>> saved: ../../container_tiramisu/renders/haloD_varSFE_Lfid_Salp_ks20231024/LfidSF/LfidSF-00105.png
# ____________________________________________________________________
/scratch/zt1/project/ricotti-prj/user/fgarcia4/ramses/galaxies/data/cluster_evolution/haloD_varSFE_Lfid_Salp_ks20231024/output_00106/info_00106.txt
>>> saved: ../../container_tiramisu/renders/haloD_varSFE_Lfid_Salp_ks20231024/LfidSF/LfidSF-00106.png
# ____________________________________________________________________
/scratch/zt1/project/ricotti-prj/user/fgarcia4/ramses/galaxies/data/cluster_evolution/haloD_varSFE_Lfid_Salp_ks20231024/output_00107/info_00107.txt
>>> saved: ../../container_tiramisu/renders/haloD_varSFE_Lfid_Salp_ks20231024/LfidSF/LfidSF-00107.png
# ____________________________________________________________________
/scratch/zt1/project/ricotti-prj/user/fgarcia4/ramses/galaxies/data/cluster_evolution/haloD_varSFE_Lfid_Salp_ks20231024/output_00108/info_00108.txt
>>> saved: ../../container_tiramisu/renders/haloD_varSFE_Lfid_Salp_ks20231024/LfidSF/LfidSF-00108.png
# ____________________________________________________________________
/scratch/zt1/project/ricotti-prj/user/fgarcia4/ramses/galaxies/data/cluster_evolution/haloD_varSFE_Lfid_Salp_ks20231024/output_00109/info_00109.txt
>>> saved: ../../container_tiramisu/renders/haloD_varSFE_Lfid_Salp_ks20231024/LfidSF/LfidSF-00109.png
# ____________________________________________________________________
/scratch/zt1/project/ricotti-prj/user/fgarcia4/ramses/galaxies/data/cluster_evolution/haloD_varSFE_Lfid_Salp_ks20231024/output_00110/info_00110.txt
>>> saved: ../../container_tiramisu/renders/haloD_varSFE_Lfid_Salp_ks20231024/LfidSF/LfidSF-00110.png
# ____________________________________________________________________
/scratch/zt1/project/ricotti-prj/user/fgarcia4/ramses/galaxies/data/cluster_evolution/haloD_varSFE_Lfid_Salp_ks20231024/output_00111/info_00111.txt
>>> saved: ../../container_tiramisu/renders/haloD_varSFE_Lfid_Salp_ks20231024/LfidSF/LfidSF-00111.png
# ____________________________________________________________________
/scratch/zt1/project/ricotti-prj/user/fgarcia4/ramses/galaxies/data/cluster_evolution/haloD_varSFE_Lfid_Salp_ks20231024/output_00112/info_00112.txt
>>> saved: ../../container_tiramisu/renders/haloD_varSFE_Lfid_Salp_ks20231024/LfidSF/LfidSF-00112.png
# ____________________________________________________________________
/scratch/zt1/project/ricotti-prj/user/fgarcia4/ramses/galaxies/data/cluster_evolution/haloD_varSFE_Lfid_Salp_ks20231024/output_00113/info_00113.txt
>>> saved: ../../container_tiramisu/renders/haloD_varSFE_Lfid_Salp_ks20231024/LfidSF/LfidSF-00113.png
# ____________________________________________________________________
/scratch/zt1/project/ricotti-prj/user/fgarcia4/ramses/galaxies/data/cluster_evolution/haloD_varSFE_Lfid_Salp_ks20231024/output_00114/info_00114.txt
>>> saved: ../../container_tiramisu/renders/haloD_varSFE_Lfid_Salp_ks20231024/LfidSF/LfidSF-00114.png
# ____________________________________________________________________
/scratch/zt1/project/ricotti-prj/user/fgarcia4/ramses/galaxies/data/cluster_evolution/haloD_varSFE_Lfid_Salp_ks20231024/output_00115/info_00115.txt
>>> saved: ../../container_tiramisu/renders/haloD_varSFE_Lfid_Salp_ks20231024/LfidSF/LfidSF-00115.png
# ____________________________________________________________________
/scratch/zt1/project/ricotti-prj/user/fgarcia4/ramses/galaxies/data/cluster_evolution/haloD_varSFE_Lfid_Salp_ks20231024/output_00116/info_00116.txt
>>> saved: ../../container_tiramisu/renders/haloD_varSFE_Lfid_Salp_ks20231024/LfidSF/LfidSF-00116.png
# ____________________________________________________________________
/scratch/zt1/project/ricotti-prj/user/fgarcia4/ramses/galaxies/data/cluster_evolution/haloD_varSFE_Lfid_Salp_ks20231024/output_00117/info_00117.txt
>>> saved: ../../container_tiramisu/renders/haloD_varSFE_Lfid_Salp_ks20231024/LfidSF/LfidSF-00117.png
# ____________________________________________________________________
/scratch/zt1/project/ricotti-prj/user/fgarcia4/ramses/galaxies/data/cluster_evolution/haloD_varSFE_Lfid_Salp_ks20231024/output_00118/info_00118.txt
>>> saved: ../../container_tiramisu/renders/haloD_varSFE_Lfid_Salp_ks20231024/LfidSF/LfidSF-00118.png
# ____________________________________________________________________
/scratch/zt1/project/ricotti-prj/user/fgarcia4/ramses/galaxies/data/cluster_evolution/haloD_varSFE_Lfid_Salp_ks20231024/output_00119/info_00119.txt
>>> saved: ../../container_tiramisu/renders/haloD_varSFE_Lfid_Salp_ks20231024/LfidSF/LfidSF-00119.png
# ____________________________________________________________________
/scratch/zt1/project/ricotti-prj/user/fgarcia4/ramses/galaxies/data/cluster_evolution/haloD_varSFE_Lfid_Salp_ks20231024/output_00120/info_00120.txt
>>> saved: ../../container_tiramisu/renders/haloD_varSFE_Lfid_Salp_ks20231024/LfidSF/LfidSF-00120.png
# ____________________________________________________________________
/scratch/zt1/project/ricotti-prj/user/fgarcia4/ramses/galaxies/data/cluster_evolution/haloD_varSFE_Lfid_Salp_ks20231024/output_00121/info_00121.txt
>>> saved: ../../container_tiramisu/renders/haloD_varSFE_Lfid_Salp_ks20231024/LfidSF/LfidSF-00121.png
# ____________________________________________________________________
/scratch/zt1/project/ricotti-prj/user/fgarcia4/ramses/galaxies/data/cluster_evolution/haloD_varSFE_Lfid_Salp_ks20231024/output_00122/info_00122.txt
>>> saved: ../../container_tiramisu/renders/haloD_varSFE_Lfid_Salp_ks20231024/LfidSF/LfidSF-00122.png
# ____________________________________________________________________
/scratch/zt1/project/ricotti-prj/user/fgarcia4/ramses/galaxies/data/cluster_evolution/haloD_varSFE_Lfid_Salp_ks20231024/output_00123/info_00123.txt
>>> saved: ../../container_tiramisu/renders/haloD_varSFE_Lfid_Salp_ks20231024/LfidSF/LfidSF-00123.png
# ____________________________________________________________________
/scratch/zt1/project/ricotti-prj/user/fgarcia4/ramses/galaxies/data/cluster_evolution/haloD_varSFE_Lfid_Salp_ks20231024/output_00124/info_00124.txt
>>> saved: ../../container_tiramisu/renders/haloD_varSFE_Lfid_Salp_ks20231024/LfidSF/LfidSF-00124.png
# ____________________________________________________________________
/scratch/zt1/project/ricotti-prj/user/fgarcia4/ramses/galaxies/data/cluster_evolution/haloD_varSFE_Lfid_Salp_ks20231024/output_00125/info_00125.txt
>>> saved: ../../container_tiramisu/renders/haloD_varSFE_Lfid_Salp_ks20231024/LfidSF/LfidSF-00125.png
# ____________________________________________________________________
/scratch/zt1/project/ricotti-prj/user/fgarcia4/ramses/galaxies/data/cluster_evolution/haloD_varSFE_Lfid_Salp_ks20231024/output_00126/info_00126.txt
>>> saved: ../../container_tiramisu/renders/haloD_varSFE_Lfid_Salp_ks20231024/LfidSF/LfidSF-00126.png
# ____________________________________________________________________
/scratch/zt1/project/ricotti-prj/user/fgarcia4/ramses/galaxies/data/cluster_evolution/haloD_varSFE_Lfid_Salp_ks20231024/output_00127/info_00127.txt
>>> saved: ../../container_tiramisu/renders/haloD_varSFE_Lfid_Salp_ks20231024/LfidSF/LfidSF-00127.png
# ____________________________________________________________________
/scratch/zt1/project/ricotti-prj/user/fgarcia4/ramses/galaxies/data/cluster_evolution/haloD_varSFE_Lfid_Salp_ks20231024/output_00128/info_00128.txt
>>> saved: ../../container_tiramisu/renders/haloD_varSFE_Lfid_Salp_ks20231024/LfidSF/LfidSF-00128.png
# ____________________________________________________________________
/scratch/zt1/project/ricotti-prj/user/fgarcia4/ramses/galaxies/data/cluster_evolution/haloD_varSFE_Lfid_Salp_ks20231024/output_00129/info_00129.txt
>>> saved: ../../container_tiramisu/renders/haloD_varSFE_Lfid_Salp_ks20231024/LfidSF/LfidSF-00129.png
# ____________________________________________________________________
/scratch/zt1/project/ricotti-prj/user/fgarcia4/ramses/galaxies/data/cluster_evolution/haloD_varSFE_Lfid_Salp_ks20231024/output_00130/info_00130.txt
>>> saved: ../../container_tiramisu/renders/haloD_varSFE_Lfid_Salp_ks20231024/LfidSF/LfidSF-00130.png
# ____________________________________________________________________
/scratch/zt1/project/ricotti-prj/user/fgarcia4/ramses/galaxies/data/cluster_evolution/haloD_varSFE_Lfid_Salp_ks20231024/output_00131/info_00131.txt
>>> saved: ../../container_tiramisu/renders/haloD_varSFE_Lfid_Salp_ks20231024/LfidSF/LfidSF-00131.png
# ____________________________________________________________________
/scratch/zt1/project/ricotti-prj/user/fgarcia4/ramses/galaxies/data/cluster_evolution/haloD_varSFE_Lfid_Salp_ks20231024/output_00132/info_00132.txt
>>> saved: ../../container_tiramisu/renders/haloD_varSFE_Lfid_Salp_ks20231024/LfidSF/LfidSF-00132.png
# ____________________________________________________________________
/scratch/zt1/project/ricotti-prj/user/fgarcia4/ramses/galaxies/data/cluster_evolution/haloD_varSFE_Lfid_Salp_ks20231024/output_00133/info_00133.txt
>>> saved: ../../container_tiramisu/renders/haloD_varSFE_Lfid_Salp_ks20231024/LfidSF/LfidSF-00133.png
# ____________________________________________________________________
/scratch/zt1/project/ricotti-prj/user/fgarcia4/ramses/galaxies/data/cluster_evolution/haloD_varSFE_Lfid_Salp_ks20231024/output_00134/info_00134.txt
>>> saved: ../../container_tiramisu/renders/haloD_varSFE_Lfid_Salp_ks20231024/LfidSF/LfidSF-00134.png
# ____________________________________________________________________
/scratch/zt1/project/ricotti-prj/user/fgarcia4/ramses/galaxies/data/cluster_evolution/haloD_varSFE_Lfid_Salp_ks20231024/output_00135/info_00135.txt
>>> saved: ../../container_tiramisu/renders/haloD_varSFE_Lfid_Salp_ks20231024/LfidSF/LfidSF-00135.png
# ____________________________________________________________________
/scratch/zt1/project/ricotti-prj/user/fgarcia4/ramses/galaxies/data/cluster_evolution/haloD_varSFE_Lfid_Salp_ks20231024/output_00136/info_00136.txt
>>> saved: ../../container_tiramisu/renders/haloD_varSFE_Lfid_Salp_ks20231024/LfidSF/LfidSF-00136.png
# ____________________________________________________________________
/scratch/zt1/project/ricotti-prj/user/fgarcia4/ramses/galaxies/data/cluster_evolution/haloD_varSFE_Lfid_Salp_ks20231024/output_00137/info_00137.txt
>>> saved: ../../container_tiramisu/renders/haloD_varSFE_Lfid_Salp_ks20231024/LfidSF/LfidSF-00137.png
# ____________________________________________________________________
/scratch/zt1/project/ricotti-prj/user/fgarcia4/ramses/galaxies/data/cluster_evolution/haloD_varSFE_Lfid_Salp_ks20231024/output_00138/info_00138.txt
>>> saved: ../../container_tiramisu/renders/haloD_varSFE_Lfid_Salp_ks20231024/LfidSF/LfidSF-00138.png
# ____________________________________________________________________
/scratch/zt1/project/ricotti-prj/user/fgarcia4/ramses/galaxies/data/cluster_evolution/haloD_varSFE_Lfid_Salp_ks20231024/output_00139/info_00139.txt
>>> saved: ../../container_tiramisu/renders/haloD_varSFE_Lfid_Salp_ks20231024/LfidSF/LfidSF-00139.png
# ____________________________________________________________________
/scratch/zt1/project/ricotti-prj/user/fgarcia4/ramses/galaxies/data/cluster_evolution/haloD_varSFE_Lfid_Salp_ks20231024/output_00140/info_00140.txt
>>> saved: ../../container_tiramisu/renders/haloD_varSFE_Lfid_Salp_ks20231024/LfidSF/LfidSF-00140.png
# ____________________________________________________________________
/scratch/zt1/project/ricotti-prj/user/fgarcia4/ramses/galaxies/data/cluster_evolution/haloD_varSFE_Lfid_Salp_ks20231024/output_00141/info_00141.txt
>>> saved: ../../container_tiramisu/renders/haloD_varSFE_Lfid_Salp_ks20231024/LfidSF/LfidSF-00141.png
# ____________________________________________________________________
/scratch/zt1/project/ricotti-prj/user/fgarcia4/ramses/galaxies/data/cluster_evolution/haloD_varSFE_Lfid_Salp_ks20231024/output_00142/info_00142.txt
>>> saved: ../../container_tiramisu/renders/haloD_varSFE_Lfid_Salp_ks20231024/LfidSF/LfidSF-00142.png
# ____________________________________________________________________
/scratch/zt1/project/ricotti-prj/user/fgarcia4/ramses/galaxies/data/cluster_evolution/haloD_varSFE_Lfid_Salp_ks20231024/output_00143/info_00143.txt
>>> saved: ../../container_tiramisu/renders/haloD_varSFE_Lfid_Salp_ks20231024/LfidSF/LfidSF-00143.png
# ____________________________________________________________________
/scratch/zt1/project/ricotti-prj/user/fgarcia4/ramses/galaxies/data/cluster_evolution/haloD_varSFE_Lfid_Salp_ks20231024/output_00144/info_00144.txt
>>> saved: ../../container_tiramisu/renders/haloD_varSFE_Lfid_Salp_ks20231024/LfidSF/LfidSF-00144.png
# ____________________________________________________________________
/scratch/zt1/project/ricotti-prj/user/fgarcia4/ramses/galaxies/data/cluster_evolution/haloD_varSFE_Lfid_Salp_ks20231024/output_00145/info_00145.txt
>>> saved: ../../container_tiramisu/renders/haloD_varSFE_Lfid_Salp_ks20231024/LfidSF/LfidSF-00145.png
# ____________________________________________________________________
/scratch/zt1/project/ricotti-prj/user/fgarcia4/ramses/galaxies/data/cluster_evolution/haloD_varSFE_Lfid_Salp_ks20231024/output_00146/info_00146.txt
>>> saved: ../../container_tiramisu/renders/haloD_varSFE_Lfid_Salp_ks20231024/LfidSF/LfidSF-00146.png
# ____________________________________________________________________
/scratch/zt1/project/ricotti-prj/user/fgarcia4/ramses/galaxies/data/cluster_evolution/haloD_varSFE_Lfid_Salp_ks20231024/output_00147/info_00147.txt
>>> saved: ../../container_tiramisu/renders/haloD_varSFE_Lfid_Salp_ks20231024/LfidSF/LfidSF-00147.png
# ____________________________________________________________________
/scratch/zt1/project/ricotti-prj/user/fgarcia4/ramses/galaxies/data/cluster_evolution/haloD_varSFE_Lfid_Salp_ks20231024/output_00148/info_00148.txt
>>> saved: ../../container_tiramisu/renders/haloD_varSFE_Lfid_Salp_ks20231024/LfidSF/LfidSF-00148.png
# ____________________________________________________________________
/scratch/zt1/project/ricotti-prj/user/fgarcia4/ramses/galaxies/data/cluster_evolution/haloD_varSFE_Lfid_Salp_ks20231024/output_00149/info_00149.txt
>>> saved: ../../container_tiramisu/renders/haloD_varSFE_Lfid_Salp_ks20231024/LfidSF/LfidSF-00149.png
# ____________________________________________________________________
/scratch/zt1/project/ricotti-prj/user/fgarcia4/ramses/galaxies/data/cluster_evolution/haloD_varSFE_Lfid_Salp_ks20231024/output_00150/info_00150.txt
>>> saved: ../../container_tiramisu/renders/haloD_varSFE_Lfid_Salp_ks20231024/LfidSF/LfidSF-00150.png
# ____________________________________________________________________
/scratch/zt1/project/ricotti-prj/user/fgarcia4/ramses/galaxies/data/cluster_evolution/haloD_varSFE_Lfid_Salp_ks20231024/output_00151/info_00151.txt
>>> saved: ../../container_tiramisu/renders/haloD_varSFE_Lfid_Salp_ks20231024/LfidSF/LfidSF-00151.png
# ____________________________________________________________________
/scratch/zt1/project/ricotti-prj/user/fgarcia4/ramses/galaxies/data/cluster_evolution/haloD_varSFE_Lfid_Salp_ks20231024/output_00152/info_00152.txt
>>> saved: ../../container_tiramisu/renders/haloD_varSFE_Lfid_Salp_ks20231024/LfidSF/LfidSF-00152.png
# ____________________________________________________________________
/scratch/zt1/project/ricotti-prj/user/fgarcia4/ramses/galaxies/data/cluster_evolution/haloD_varSFE_Lfid_Salp_ks20231024/output_00153/info_00153.txt
>>> saved: ../../container_tiramisu/renders/haloD_varSFE_Lfid_Salp_ks20231024/LfidSF/LfidSF-00153.png
# ____________________________________________________________________
/scratch/zt1/project/ricotti-prj/user/fgarcia4/ramses/galaxies/data/cluster_evolution/haloD_varSFE_Lfid_Salp_ks20231024/output_00154/info_00154.txt
>>> saved: ../../container_tiramisu/renders/haloD_varSFE_Lfid_Salp_ks20231024/LfidSF/LfidSF-00154.png
# ____________________________________________________________________
/scratch/zt1/project/ricotti-prj/user/fgarcia4/ramses/galaxies/data/cluster_evolution/haloD_varSFE_Lfid_Salp_ks20231024/output_00155/info_00155.txt
>>> saved: ../../container_tiramisu/renders/haloD_varSFE_Lfid_Salp_ks20231024/LfidSF/LfidSF-00155.png
# ____________________________________________________________________
/scratch/zt1/project/ricotti-prj/user/fgarcia4/ramses/galaxies/data/cluster_evolution/haloD_varSFE_Lfid_Salp_ks20231024/output_00156/info_00156.txt
>>> saved: ../../container_tiramisu/renders/haloD_varSFE_Lfid_Salp_ks20231024/LfidSF/LfidSF-00156.png
# ____________________________________________________________________
/scratch/zt1/project/ricotti-prj/user/fgarcia4/ramses/galaxies/data/cluster_evolution/haloD_varSFE_Lfid_Salp_ks20231024/output_00157/info_00157.txt
>>> saved: ../../container_tiramisu/renders/haloD_varSFE_Lfid_Salp_ks20231024/LfidSF/LfidSF-00157.png
# ____________________________________________________________________
/scratch/zt1/project/ricotti-prj/user/fgarcia4/ramses/galaxies/data/cluster_evolution/haloD_varSFE_Lfid_Salp_ks20231024/output_00158/info_00158.txt
>>> saved: ../../container_tiramisu/renders/haloD_varSFE_Lfid_Salp_ks20231024/LfidSF/LfidSF-00158.png
# ____________________________________________________________________
/scratch/zt1/project/ricotti-prj/user/fgarcia4/ramses/galaxies/data/cluster_evolution/haloD_varSFE_Lfid_Salp_ks20231024/output_00159/info_00159.txt
>>> saved: ../../container_tiramisu/renders/haloD_varSFE_Lfid_Salp_ks20231024/LfidSF/LfidSF-00159.png
# ____________________________________________________________________
/scratch/zt1/project/ricotti-prj/user/fgarcia4/ramses/galaxies/data/cluster_evolution/haloD_varSFE_Lfid_Salp_ks20231024/output_00160/info_00160.txt
>>> saved: ../../container_tiramisu/renders/haloD_varSFE_Lfid_Salp_ks20231024/LfidSF/LfidSF-00160.png
# ____________________________________________________________________
/scratch/zt1/project/ricotti-prj/user/fgarcia4/ramses/galaxies/data/cluster_evolution/haloD_varSFE_Lfid_Salp_ks20231024/output_00161/info_00161.txt
>>> saved: ../../container_tiramisu/renders/haloD_varSFE_Lfid_Salp_ks20231024/LfidSF/LfidSF-00161.png
# ____________________________________________________________________
/scratch/zt1/project/ricotti-prj/user/fgarcia4/ramses/galaxies/data/cluster_evolution/haloD_varSFE_Lfid_Salp_ks20231024/output_00162/info_00162.txt
>>> saved: ../../container_tiramisu/renders/haloD_varSFE_Lfid_Salp_ks20231024/LfidSF/LfidSF-00162.png
# ____________________________________________________________________
/scratch/zt1/project/ricotti-prj/user/fgarcia4/ramses/galaxies/data/cluster_evolution/haloD_varSFE_Lfid_Salp_ks20231024/output_00163/info_00163.txt
>>> saved: ../../container_tiramisu/renders/haloD_varSFE_Lfid_Salp_ks20231024/LfidSF/LfidSF-00163.png
# ____________________________________________________________________
/scratch/zt1/project/ricotti-prj/user/fgarcia4/ramses/galaxies/data/cluster_evolution/haloD_varSFE_Lfid_Salp_ks20231024/output_00164/info_00164.txt
>>> saved: ../../container_tiramisu/renders/haloD_varSFE_Lfid_Salp_ks20231024/LfidSF/LfidSF-00164.png
# ____________________________________________________________________
/scratch/zt1/project/ricotti-prj/user/fgarcia4/ramses/galaxies/data/cluster_evolution/haloD_varSFE_Lfid_Salp_ks20231024/output_00165/info_00165.txt
>>> saved: ../../container_tiramisu/renders/haloD_varSFE_Lfid_Salp_ks20231024/LfidSF/LfidSF-00165.png
# ____________________________________________________________________
/scratch/zt1/project/ricotti-prj/user/fgarcia4/ramses/galaxies/data/cluster_evolution/haloD_varSFE_Lfid_Salp_ks20231024/output_00166/info_00166.txt
>>> saved: ../../container_tiramisu/renders/haloD_varSFE_Lfid_Salp_ks20231024/LfidSF/LfidSF-00166.png
# ____________________________________________________________________
/scratch/zt1/project/ricotti-prj/user/fgarcia4/ramses/galaxies/data/cluster_evolution/haloD_varSFE_Lfid_Salp_ks20231024/output_00167/info_00167.txt
>>> saved: ../../container_tiramisu/renders/haloD_varSFE_Lfid_Salp_ks20231024/LfidSF/LfidSF-00167.png
# ____________________________________________________________________
/scratch/zt1/project/ricotti-prj/user/fgarcia4/ramses/galaxies/data/cluster_evolution/haloD_varSFE_Lfid_Salp_ks20231024/output_00168/info_00168.txt
>>> saved: ../../container_tiramisu/renders/haloD_varSFE_Lfid_Salp_ks20231024/LfidSF/LfidSF-00168.png
# ____________________________________________________________________
/scratch/zt1/project/ricotti-prj/user/fgarcia4/ramses/galaxies/data/cluster_evolution/haloD_varSFE_Lfid_Salp_ks20231024/output_00169/info_00169.txt
>>> saved: ../../container_tiramisu/renders/haloD_varSFE_Lfid_Salp_ks20231024/LfidSF/LfidSF-00169.png
# ____________________________________________________________________
/scratch/zt1/project/ricotti-prj/user/fgarcia4/ramses/galaxies/data/cluster_evolution/haloD_varSFE_Lfid_Salp_ks20231024/output_00170/info_00170.txt
>>> saved: ../../container_tiramisu/renders/haloD_varSFE_Lfid_Salp_ks20231024/LfidSF/LfidSF-00170.png
# ____________________________________________________________________
/scratch/zt1/project/ricotti-prj/user/fgarcia4/ramses/galaxies/data/cluster_evolution/haloD_varSFE_Lfid_Salp_ks20231024/output_00171/info_00171.txt
>>> saved: ../../container_tiramisu/renders/haloD_varSFE_Lfid_Salp_ks20231024/LfidSF/LfidSF-00171.png
# ____________________________________________________________________
/scratch/zt1/project/ricotti-prj/user/fgarcia4/ramses/galaxies/data/cluster_evolution/haloD_varSFE_Lfid_Salp_ks20231024/output_00172/info_00172.txt
>>> saved: ../../container_tiramisu/renders/haloD_varSFE_Lfid_Salp_ks20231024/LfidSF/LfidSF-00172.png
# ____________________________________________________________________
/scratch/zt1/project/ricotti-prj/user/fgarcia4/ramses/galaxies/data/cluster_evolution/haloD_varSFE_Lfid_Salp_ks20231024/output_00173/info_00173.txt
>>> saved: ../../container_tiramisu/renders/haloD_varSFE_Lfid_Salp_ks20231024/LfidSF/LfidSF-00173.png
# ____________________________________________________________________
/scratch/zt1/project/ricotti-prj/user/fgarcia4/ramses/galaxies/data/cluster_evolution/haloD_varSFE_Lfid_Salp_ks20231024/output_00174/info_00174.txt
>>> saved: ../../container_tiramisu/renders/haloD_varSFE_Lfid_Salp_ks20231024/LfidSF/LfidSF-00174.png
# ____________________________________________________________________
/scratch/zt1/project/ricotti-prj/user/fgarcia4/ramses/galaxies/data/cluster_evolution/haloD_varSFE_Lfid_Salp_ks20231024/output_00175/info_00175.txt
>>> saved: ../../container_tiramisu/renders/haloD_varSFE_Lfid_Salp_ks20231024/LfidSF/LfidSF-00175.png
# ____________________________________________________________________
/scratch/zt1/project/ricotti-prj/user/fgarcia4/ramses/galaxies/data/cluster_evolution/haloD_varSFE_Lfid_Salp_ks20231024/output_00176/info_00176.txt
>>> saved: ../../container_tiramisu/renders/haloD_varSFE_Lfid_Salp_ks20231024/LfidSF/LfidSF-00176.png
# ____________________________________________________________________
/scratch/zt1/project/ricotti-prj/user/fgarcia4/ramses/galaxies/data/cluster_evolution/haloD_varSFE_Lfid_Salp_ks20231024/output_00177/info_00177.txt
>>> saved: ../../container_tiramisu/renders/haloD_varSFE_Lfid_Salp_ks20231024/LfidSF/LfidSF-00177.png
# ____________________________________________________________________
/scratch/zt1/project/ricotti-prj/user/fgarcia4/ramses/galaxies/data/cluster_evolution/haloD_varSFE_Lfid_Salp_ks20231024/output_00178/info_00178.txt
>>> saved: ../../container_tiramisu/renders/haloD_varSFE_Lfid_Salp_ks20231024/LfidSF/LfidSF-00178.png
# ____________________________________________________________________
/scratch/zt1/project/ricotti-prj/user/fgarcia4/ramses/galaxies/data/cluster_evolution/haloD_varSFE_Lfid_Salp_ks20231024/output_00179/info_00179.txt
>>> saved: ../../container_tiramisu/renders/haloD_varSFE_Lfid_Salp_ks20231024/LfidSF/LfidSF-00179.png
# ____________________________________________________________________
/scratch/zt1/project/ricotti-prj/user/fgarcia4/ramses/galaxies/data/cluster_evolution/haloD_varSFE_Lfid_Salp_ks20231024/output_00180/info_00180.txt
>>> saved: ../../container_tiramisu/renders/haloD_varSFE_Lfid_Salp_ks20231024/LfidSF/LfidSF-00180.png
# ____________________________________________________________________
/scratch/zt1/project/ricotti-prj/user/fgarcia4/ramses/galaxies/data/cluster_evolution/haloD_varSFE_Lfid_Salp_ks20231024/output_00181/info_00181.txt
>>> saved: ../../container_tiramisu/renders/haloD_varSFE_Lfid_Salp_ks20231024/LfidSF/LfidSF-00181.png
# ____________________________________________________________________
/scratch/zt1/project/ricotti-prj/user/fgarcia4/ramses/galaxies/data/cluster_evolution/haloD_varSFE_Lfid_Salp_ks20231024/output_00182/info_00182.txt
>>> saved: ../../container_tiramisu/renders/haloD_varSFE_Lfid_Salp_ks20231024/LfidSF/LfidSF-00182.png
# ____________________________________________________________________
/scratch/zt1/project/ricotti-prj/user/fgarcia4/ramses/galaxies/data/cluster_evolution/haloD_varSFE_Lfid_Salp_ks20231024/output_00183/info_00183.txt
>>> saved: ../../container_tiramisu/renders/haloD_varSFE_Lfid_Salp_ks20231024/LfidSF/LfidSF-00183.png
# ____________________________________________________________________
/scratch/zt1/project/ricotti-prj/user/fgarcia4/ramses/galaxies/data/cluster_evolution/haloD_varSFE_Lfid_Salp_ks20231024/output_00184/info_00184.txt
>>> saved: ../../container_tiramisu/renders/haloD_varSFE_Lfid_Salp_ks20231024/LfidSF/LfidSF-00184.png
# ____________________________________________________________________
/scratch/zt1/project/ricotti-prj/user/fgarcia4/ramses/galaxies/data/cluster_evolution/haloD_varSFE_Lfid_Salp_ks20231024/output_00185/info_00185.txt
>>> saved: ../../container_tiramisu/renders/haloD_varSFE_Lfid_Salp_ks20231024/LfidSF/LfidSF-00185.png
# ____________________________________________________________________
/scratch/zt1/project/ricotti-prj/user/fgarcia4/ramses/galaxies/data/cluster_evolution/haloD_varSFE_Lfid_Salp_ks20231024/output_00186/info_00186.txt
>>> saved: ../../container_tiramisu/renders/haloD_varSFE_Lfid_Salp_ks20231024/LfidSF/LfidSF-00186.png
# ____________________________________________________________________
/scratch/zt1/project/ricotti-prj/user/fgarcia4/ramses/galaxies/data/cluster_evolution/haloD_varSFE_Lfid_Salp_ks20231024/output_00187/info_00187.txt
>>> saved: ../../container_tiramisu/renders/haloD_varSFE_Lfid_Salp_ks20231024/LfidSF/LfidSF-00187.png
# ____________________________________________________________________
/scratch/zt1/project/ricotti-prj/user/fgarcia4/ramses/galaxies/data/cluster_evolution/haloD_varSFE_Lfid_Salp_ks20231024/output_00188/info_00188.txt
>>> saved: ../../container_tiramisu/renders/haloD_varSFE_Lfid_Salp_ks20231024/LfidSF/LfidSF-00188.png
# ____________________________________________________________________
/scratch/zt1/project/ricotti-prj/user/fgarcia4/ramses/galaxies/data/cluster_evolution/haloD_varSFE_Lfid_Salp_ks20231024/output_00189/info_00189.txt
>>> saved: ../../container_tiramisu/renders/haloD_varSFE_Lfid_Salp_ks20231024/LfidSF/LfidSF-00189.png
# ____________________________________________________________________
/scratch/zt1/project/ricotti-prj/user/fgarcia4/ramses/galaxies/data/cluster_evolution/haloD_varSFE_Lfid_Salp_ks20231024/output_00190/info_00190.txt
>>> saved: ../../container_tiramisu/renders/haloD_varSFE_Lfid_Salp_ks20231024/LfidSF/LfidSF-00190.png
# ____________________________________________________________________
/scratch/zt1/project/ricotti-prj/user/fgarcia4/ramses/galaxies/data/cluster_evolution/haloD_varSFE_Lfid_Salp_ks20231024/output_00191/info_00191.txt
>>> saved: ../../container_tiramisu/renders/haloD_varSFE_Lfid_Salp_ks20231024/LfidSF/LfidSF-00191.png
# ____________________________________________________________________
/scratch/zt1/project/ricotti-prj/user/fgarcia4/ramses/galaxies/data/cluster_evolution/haloD_varSFE_Lfid_Salp_ks20231024/output_00192/info_00192.txt
>>> saved: ../../container_tiramisu/renders/haloD_varSFE_Lfid_Salp_ks20231024/LfidSF/LfidSF-00192.png
# ____________________________________________________________________
/scratch/zt1/project/ricotti-prj/user/fgarcia4/ramses/galaxies/data/cluster_evolution/haloD_varSFE_Lfid_Salp_ks20231024/output_00193/info_00193.txt
>>> saved: ../../container_tiramisu/renders/haloD_varSFE_Lfid_Salp_ks20231024/LfidSF/LfidSF-00193.png
# ____________________________________________________________________
/scratch/zt1/project/ricotti-prj/user/fgarcia4/ramses/galaxies/data/cluster_evolution/haloD_varSFE_Lfid_Salp_ks20231024/output_00194/info_00194.txt
>>> saved: ../../container_tiramisu/renders/haloD_varSFE_Lfid_Salp_ks20231024/LfidSF/LfidSF-00194.png
# ____________________________________________________________________
/scratch/zt1/project/ricotti-prj/user/fgarcia4/ramses/galaxies/data/cluster_evolution/haloD_varSFE_Lfid_Salp_ks20231024/output_00195/info_00195.txt
>>> saved: ../../container_tiramisu/renders/haloD_varSFE_Lfid_Salp_ks20231024/LfidSF/LfidSF-00195.png
# ____________________________________________________________________
/scratch/zt1/project/ricotti-prj/user/fgarcia4/ramses/galaxies/data/cluster_evolution/haloD_varSFE_Lfid_Salp_ks20231024/output_00196/info_00196.txt
>>> saved: ../../container_tiramisu/renders/haloD_varSFE_Lfid_Salp_ks20231024/LfidSF/LfidSF-00196.png
# ____________________________________________________________________
/scratch/zt1/project/ricotti-prj/user/fgarcia4/ramses/galaxies/data/cluster_evolution/haloD_varSFE_Lfid_Salp_ks20231024/output_00197/info_00197.txt
>>> saved: ../../container_tiramisu/renders/haloD_varSFE_Lfid_Salp_ks20231024/LfidSF/LfidSF-00197.png
# ____________________________________________________________________
/scratch/zt1/project/ricotti-prj/user/fgarcia4/ramses/galaxies/data/cluster_evolution/haloD_varSFE_Lfid_Salp_ks20231024/output_00198/info_00198.txt
>>> saved: ../../container_tiramisu/renders/haloD_varSFE_Lfid_Salp_ks20231024/LfidSF/LfidSF-00198.png
# ____________________________________________________________________
/scratch/zt1/project/ricotti-prj/user/fgarcia4/ramses/galaxies/data/cluster_evolution/haloD_varSFE_Lfid_Salp_ks20231024/output_00199/info_00199.txt
>>> saved: ../../container_tiramisu/renders/haloD_varSFE_Lfid_Salp_ks20231024/LfidSF/LfidSF-00199.png
# ____________________________________________________________________
/scratch/zt1/project/ricotti-prj/user/fgarcia4/ramses/galaxies/data/cluster_evolution/haloD_varSFE_Lfid_Salp_ks20231024/output_00200/info_00200.txt
>>> saved: ../../container_tiramisu/renders/haloD_varSFE_Lfid_Salp_ks20231024/LfidSF/LfidSF-00200.png
# ____________________________________________________________________
/scratch/zt1/project/ricotti-prj/user/fgarcia4/ramses/galaxies/data/cluster_evolution/haloD_varSFE_Lfid_Salp_ks20231024/output_00201/info_00201.txt
>>> saved: ../../container_tiramisu/renders/haloD_varSFE_Lfid_Salp_ks20231024/LfidSF/LfidSF-00201.png
# ____________________________________________________________________
/scratch/zt1/project/ricotti-prj/user/fgarcia4/ramses/galaxies/data/cluster_evolution/haloD_varSFE_Lfid_Salp_ks20231024/output_00202/info_00202.txt
>>> saved: ../../container_tiramisu/renders/haloD_varSFE_Lfid_Salp_ks20231024/LfidSF/LfidSF-00202.png
# ____________________________________________________________________
/scratch/zt1/project/ricotti-prj/user/fgarcia4/ramses/galaxies/data/cluster_evolution/haloD_varSFE_Lfid_Salp_ks20231024/output_00203/info_00203.txt
>>> saved: ../../container_tiramisu/renders/haloD_varSFE_Lfid_Salp_ks20231024/LfidSF/LfidSF-00203.png
# ____________________________________________________________________
/scratch/zt1/project/ricotti-prj/user/fgarcia4/ramses/galaxies/data/cluster_evolution/haloD_varSFE_Lfid_Salp_ks20231024/output_00204/info_00204.txt
>>> saved: ../../container_tiramisu/renders/haloD_varSFE_Lfid_Salp_ks20231024/LfidSF/LfidSF-00204.png
# ____________________________________________________________________
/scratch/zt1/project/ricotti-prj/user/fgarcia4/ramses/galaxies/data/cluster_evolution/haloD_varSFE_Lfid_Salp_ks20231024/output_00205/info_00205.txt
>>> saved: ../../container_tiramisu/renders/haloD_varSFE_Lfid_Salp_ks20231024/LfidSF/LfidSF-00205.png
# ____________________________________________________________________
/scratch/zt1/project/ricotti-prj/user/fgarcia4/ramses/galaxies/data/cluster_evolution/haloD_varSFE_Lfid_Salp_ks20231024/output_00206/info_00206.txt
>>> saved: ../../container_tiramisu/renders/haloD_varSFE_Lfid_Salp_ks20231024/LfidSF/LfidSF-00206.png
# ____________________________________________________________________
/scratch/zt1/project/ricotti-prj/user/fgarcia4/ramses/galaxies/data/cluster_evolution/haloD_varSFE_Lfid_Salp_ks20231024/output_00207/info_00207.txt
>>> saved: ../../container_tiramisu/renders/haloD_varSFE_Lfid_Salp_ks20231024/LfidSF/LfidSF-00207.png
# ____________________________________________________________________
/scratch/zt1/project/ricotti-prj/user/fgarcia4/ramses/galaxies/data/cluster_evolution/haloD_varSFE_Lfid_Salp_ks20231024/output_00208/info_00208.txt
>>> saved: ../../container_tiramisu/renders/haloD_varSFE_Lfid_Salp_ks20231024/LfidSF/LfidSF-00208.png
# ____________________________________________________________________
/scratch/zt1/project/ricotti-prj/user/fgarcia4/ramses/galaxies/data/cluster_evolution/haloD_varSFE_Lfid_Salp_ks20231024/output_00209/info_00209.txt
>>> saved: ../../container_tiramisu/renders/haloD_varSFE_Lfid_Salp_ks20231024/LfidSF/LfidSF-00209.png
# ____________________________________________________________________
/scratch/zt1/project/ricotti-prj/user/fgarcia4/ramses/galaxies/data/cluster_evolution/haloD_varSFE_Lfid_Salp_ks20231024/output_00210/info_00210.txt
>>> saved: ../../container_tiramisu/renders/haloD_varSFE_Lfid_Salp_ks20231024/LfidSF/LfidSF-00210.png
# ____________________________________________________________________
/scratch/zt1/project/ricotti-prj/user/fgarcia4/ramses/galaxies/data/cluster_evolution/haloD_varSFE_Lfid_Salp_ks20231024/output_00211/info_00211.txt
>>> saved: ../../container_tiramisu/renders/haloD_varSFE_Lfid_Salp_ks20231024/LfidSF/LfidSF-00211.png
# ____________________________________________________________________
/scratch/zt1/project/ricotti-prj/user/fgarcia4/ramses/galaxies/data/cluster_evolution/haloD_varSFE_Lfid_Salp_ks20231024/output_00212/info_00212.txt
>>> saved: ../../container_tiramisu/renders/haloD_varSFE_Lfid_Salp_ks20231024/LfidSF/LfidSF-00212.png
# ____________________________________________________________________
/scratch/zt1/project/ricotti-prj/user/fgarcia4/ramses/galaxies/data/cluster_evolution/haloD_varSFE_Lfid_Salp_ks20231024/output_00213/info_00213.txt
>>> saved: ../../container_tiramisu/renders/haloD_varSFE_Lfid_Salp_ks20231024/LfidSF/LfidSF-00213.png
# ____________________________________________________________________
/scratch/zt1/project/ricotti-prj/user/fgarcia4/ramses/galaxies/data/cluster_evolution/haloD_varSFE_Lfid_Salp_ks20231024/output_00214/info_00214.txt
>>> saved: ../../container_tiramisu/renders/haloD_varSFE_Lfid_Salp_ks20231024/LfidSF/LfidSF-00214.png
# ____________________________________________________________________
/scratch/zt1/project/ricotti-prj/user/fgarcia4/ramses/galaxies/data/cluster_evolution/haloD_varSFE_Lfid_Salp_ks20231024/output_00215/info_00215.txt
>>> saved: ../../container_tiramisu/renders/haloD_varSFE_Lfid_Salp_ks20231024/LfidSF/LfidSF-00215.png
# ____________________________________________________________________
/scratch/zt1/project/ricotti-prj/user/fgarcia4/ramses/galaxies/data/cluster_evolution/haloD_varSFE_Lfid_Salp_ks20231024/output_00216/info_00216.txt
>>> saved: ../../container_tiramisu/renders/haloD_varSFE_Lfid_Salp_ks20231024/LfidSF/LfidSF-00216.png
# ____________________________________________________________________
/scratch/zt1/project/ricotti-prj/user/fgarcia4/ramses/galaxies/data/cluster_evolution/haloD_varSFE_Lfid_Salp_ks20231024/output_00217/info_00217.txt
>>> saved: ../../container_tiramisu/renders/haloD_varSFE_Lfid_Salp_ks20231024/LfidSF/LfidSF-00217.png
# ____________________________________________________________________
/scratch/zt1/project/ricotti-prj/user/fgarcia4/ramses/galaxies/data/cluster_evolution/haloD_varSFE_Lfid_Salp_ks20231024/output_00218/info_00218.txt
>>> saved: ../../container_tiramisu/renders/haloD_varSFE_Lfid_Salp_ks20231024/LfidSF/LfidSF-00218.png
# ____________________________________________________________________
/scratch/zt1/project/ricotti-prj/user/fgarcia4/ramses/galaxies/data/cluster_evolution/haloD_varSFE_Lfid_Salp_ks20231024/output_00219/info_00219.txt
>>> saved: ../../container_tiramisu/renders/haloD_varSFE_Lfid_Salp_ks20231024/LfidSF/LfidSF-00219.png
# ____________________________________________________________________
/scratch/zt1/project/ricotti-prj/user/fgarcia4/ramses/galaxies/data/cluster_evolution/haloD_varSFE_Lfid_Salp_ks20231024/output_00220/info_00220.txt
>>> saved: ../../container_tiramisu/renders/haloD_varSFE_Lfid_Salp_ks20231024/LfidSF/LfidSF-00220.png
