Loading python/zen2/3.8.12
  Loading requirement: matplotlib/3.4.3/zen2
--------------------------------------------------------------------------
The library attempted to open the following supporting CUDA libraries,
but each of them failed.  CUDA-aware support is disabled.
libcuda.so.1: cannot open shared object file: No such file or directory
libcuda.dylib: cannot open shared object file: No such file or directory
/usr/lib64/libcuda.so.1: cannot open shared object file: No such file or directory
/usr/lib64/libcuda.dylib: cannot open shared object file: No such file or directory
If you are not interested in CUDA-aware support, then run with
--mca opal_warn_on_missing_libcuda 0 to suppress this message.  If you are interested
in CUDA-aware support, then try setting LD_LIBRARY_PATH to the location
of libcuda.so.1 to get passed this issue.
--------------------------------------------------------------------------
=============================================================================
Warning: particle_families are modified at /site-packages/yt/frontends/ramses
=============================================================================
yt : [ERROR    ] 2024-02-20 10:54:25,692 Could not enable parallelism: only one mpi process is running. To remedy this, launch the Python interpreter as
  mpirun -n <X> python3 <yourscript>.py  # with X > 1 
********************************************************************
 rendering gas properties movie 
********************************************************************
> running filter_snapshots
> processing ramses_snapshot
> found 163 snapshots
> returning 95
>>> done 
# ____________________________________________________________________
/scratch/zt1/project/ricotti-prj/user/ricotti/GC-Fred/CC-Fiducial/output_00372/info_00372.txt
# ____________________________________________________________________
/scratch/zt1/project/ricotti-prj/user/ricotti/GC-Fred/CC-Fiducial/output_00373/info_00373.txt
# ____________________________________________________________________
/scratch/zt1/project/ricotti-prj/user/ricotti/GC-Fred/CC-Fiducial/output_00374/info_00374.txt
# ____________________________________________________________________
/scratch/zt1/project/ricotti-prj/user/ricotti/GC-Fred/CC-Fiducial/output_00375/info_00375.txt
# ____________________________________________________________________
/scratch/zt1/project/ricotti-prj/user/ricotti/GC-Fred/CC-Fiducial/output_00376/info_00376.txt
# ____________________________________________________________________
/scratch/zt1/project/ricotti-prj/user/ricotti/GC-Fred/CC-Fiducial/output_00377/info_00377.txt
# ____________________________________________________________________
/scratch/zt1/project/ricotti-prj/user/ricotti/GC-Fred/CC-Fiducial/output_00378/info_00378.txt
# ____________________________________________________________________
/scratch/zt1/project/ricotti-prj/user/ricotti/GC-Fred/CC-Fiducial/output_00379/info_00379.txt
# ____________________________________________________________________
/scratch/zt1/project/ricotti-prj/user/ricotti/GC-Fred/CC-Fiducial/output_00380/info_00380.txt
# ____________________________________________________________________
/scratch/zt1/project/ricotti-prj/user/ricotti/GC-Fred/CC-Fiducial/output_00381/info_00381.txt
# ____________________________________________________________________
/scratch/zt1/project/ricotti-prj/user/ricotti/GC-Fred/CC-Fiducial/output_00382/info_00382.txt
# ____________________________________________________________________
/scratch/zt1/project/ricotti-prj/user/ricotti/GC-Fred/CC-Fiducial/output_00383/info_00383.txt
# ____________________________________________________________________
/scratch/zt1/project/ricotti-prj/user/ricotti/GC-Fred/CC-Fiducial/output_00384/info_00384.txt
# ____________________________________________________________________
/scratch/zt1/project/ricotti-prj/user/ricotti/GC-Fred/CC-Fiducial/output_00385/info_00385.txt
# ____________________________________________________________________
/scratch/zt1/project/ricotti-prj/user/ricotti/GC-Fred/CC-Fiducial/output_00386/info_00386.txt
# ____________________________________________________________________
/scratch/zt1/project/ricotti-prj/user/ricotti/GC-Fred/CC-Fiducial/output_00387/info_00387.txt
# ____________________________________________________________________
/scratch/zt1/project/ricotti-prj/user/ricotti/GC-Fred/CC-Fiducial/output_00388/info_00388.txt
# ____________________________________________________________________
/scratch/zt1/project/ricotti-prj/user/ricotti/GC-Fred/CC-Fiducial/output_00389/info_00389.txt
# ____________________________________________________________________
/scratch/zt1/project/ricotti-prj/user/ricotti/GC-Fred/CC-Fiducial/output_00390/info_00390.txt
# ____________________________________________________________________
/scratch/zt1/project/ricotti-prj/user/ricotti/GC-Fred/CC-Fiducial/output_00391/info_00391.txt
# ____________________________________________________________________
/scratch/zt1/project/ricotti-prj/user/ricotti/GC-Fred/CC-Fiducial/output_00392/info_00392.txt
# ____________________________________________________________________
/scratch/zt1/project/ricotti-prj/user/ricotti/GC-Fred/CC-Fiducial/output_00393/info_00393.txt
# ____________________________________________________________________
/scratch/zt1/project/ricotti-prj/user/ricotti/GC-Fred/CC-Fiducial/output_00394/info_00394.txt
# ____________________________________________________________________
/scratch/zt1/project/ricotti-prj/user/ricotti/GC-Fred/CC-Fiducial/output_00395/info_00395.txt
# ____________________________________________________________________
/scratch/zt1/project/ricotti-prj/user/ricotti/GC-Fred/CC-Fiducial/output_00396/info_00396.txt
# ____________________________________________________________________
/scratch/zt1/project/ricotti-prj/user/ricotti/GC-Fred/CC-Fiducial/output_00397/info_00397.txt
# ____________________________________________________________________
/scratch/zt1/project/ricotti-prj/user/ricotti/GC-Fred/CC-Fiducial/output_00398/info_00398.txt
# ____________________________________________________________________
/scratch/zt1/project/ricotti-prj/user/ricotti/GC-Fred/CC-Fiducial/output_00399/info_00399.txt
# ____________________________________________________________________
/scratch/zt1/project/ricotti-prj/user/ricotti/GC-Fred/CC-Fiducial/output_00400/info_00400.txt
# ____________________________________________________________________
/scratch/zt1/project/ricotti-prj/user/ricotti/GC-Fred/CC-Fiducial/output_00401/info_00401.txt
# ____________________________________________________________________
/scratch/zt1/project/ricotti-prj/user/ricotti/GC-Fred/CC-Fiducial/output_00402/info_00402.txt
# ____________________________________________________________________
/scratch/zt1/project/ricotti-prj/user/ricotti/GC-Fred/CC-Fiducial/output_00403/info_00403.txt
# ____________________________________________________________________
/scratch/zt1/project/ricotti-prj/user/ricotti/GC-Fred/CC-Fiducial/output_00404/info_00404.txt
# ____________________________________________________________________
/scratch/zt1/project/ricotti-prj/user/ricotti/GC-Fred/CC-Fiducial/output_00405/info_00405.txt
--------------------------------------------------------------------------
Primary job  terminated normally, but 1 process returned
a non-zero exit code. Per user-direction, the job has been aborted.
--------------------------------------------------------------------------
--------------------------------------------------------------------------
mpirun noticed that process rank 0 with PID 1697288 on node compute-b5-26 exited on signal 9 (Killed).
--------------------------------------------------------------------------
slurmstepd: error: Detected 1 oom-kill event(s) in StepId=4929776.batch. Some of your processes may have been killed by the cgroup out-of-memory handler.
