Loading python/zen2/3.8.12
  Loading requirement: matplotlib/3.4.3/zen2
--------------------------------------------------------------------------
The library attempted to open the following supporting CUDA libraries,
but each of them failed.  CUDA-aware support is disabled.
libcuda.so.1: cannot open shared object file: No such file or directory
libcuda.dylib: cannot open shared object file: No such file or directory
/usr/lib64/libcuda.so.1: cannot open shared object file: No such file or directory
/usr/lib64/libcuda.dylib: cannot open shared object file: No such file or directory
If you are not interested in CUDA-aware support, then run with
--mca opal_warn_on_missing_libcuda 0 to suppress this message.  If you are interested
in CUDA-aware support, then try setting LD_LIBRARY_PATH to the location
of libcuda.so.1 to get passed this issue.
--------------------------------------------------------------------------
=============================================================================
Warning: particle_families are modified at /site-packages/yt/frontends/ramses
=============================================================================
yt : [ERROR    ] 2024-02-20 22:22:07,325 Could not enable parallelism: only one mpi process is running. To remedy this, launch the Python interpreter as
  mpirun -n <X> python3 <yourscript>.py  # with X > 1 
********************************************************************
 rendering gas properties movie 
********************************************************************
> running filter_snapshots
> processing ramses_snapshot
> found 163 snapshots
> returning 17
>>> done 
# ____________________________________________________________________
/scratch/zt1/project/ricotti-prj/user/ricotti/GC-Fred/CC-Fiducial/output_00450/info_00450.txt
# ____________________________________________________________________
/scratch/zt1/project/ricotti-prj/user/ricotti/GC-Fred/CC-Fiducial/output_00451/info_00451.txt
# ____________________________________________________________________
/scratch/zt1/project/ricotti-prj/user/ricotti/GC-Fred/CC-Fiducial/output_00452/info_00452.txt
# ____________________________________________________________________
/scratch/zt1/project/ricotti-prj/user/ricotti/GC-Fred/CC-Fiducial/output_00453/info_00453.txt
# ____________________________________________________________________
/scratch/zt1/project/ricotti-prj/user/ricotti/GC-Fred/CC-Fiducial/output_00454/info_00454.txt
# ____________________________________________________________________
/scratch/zt1/project/ricotti-prj/user/ricotti/GC-Fred/CC-Fiducial/output_00455/info_00455.txt
# ____________________________________________________________________
/scratch/zt1/project/ricotti-prj/user/ricotti/GC-Fred/CC-Fiducial/output_00456/info_00456.txt
# ____________________________________________________________________
/scratch/zt1/project/ricotti-prj/user/ricotti/GC-Fred/CC-Fiducial/output_00457/info_00457.txt
# ____________________________________________________________________
/scratch/zt1/project/ricotti-prj/user/ricotti/GC-Fred/CC-Fiducial/output_00458/info_00458.txt
# ____________________________________________________________________
/scratch/zt1/project/ricotti-prj/user/ricotti/GC-Fred/CC-Fiducial/output_00459/info_00459.txt
# ____________________________________________________________________
/scratch/zt1/project/ricotti-prj/user/ricotti/GC-Fred/CC-Fiducial/output_00460/info_00460.txt
# ____________________________________________________________________
/scratch/zt1/project/ricotti-prj/user/ricotti/GC-Fred/CC-Fiducial/output_00461/info_00461.txt
# ____________________________________________________________________
/scratch/zt1/project/ricotti-prj/user/ricotti/GC-Fred/CC-Fiducial/output_00462/info_00462.txt
# ____________________________________________________________________
/scratch/zt1/project/ricotti-prj/user/ricotti/GC-Fred/CC-Fiducial/output_00463/info_00463.txt
# ____________________________________________________________________
/scratch/zt1/project/ricotti-prj/user/ricotti/GC-Fred/CC-Fiducial/output_00464/info_00464.txt
# ____________________________________________________________________
/scratch/zt1/project/ricotti-prj/user/ricotti/GC-Fred/CC-Fiducial/output_00465/info_00465.txt
# ____________________________________________________________________
/scratch/zt1/project/ricotti-prj/user/ricotti/GC-Fred/CC-Fiducial/output_00466/info_00466.txt
WARNING: FITSFixedWarning: 'datfix' made the change 'Set DATEREF to '1858-11-17' from MJDREF'. [astropy.wcs.wcs]
WARNING: FITSFixedWarning: 'datfix' made the change 'Set DATEREF to '1858-11-17' from MJDREF'. [astropy.wcs.wcs]
WARNING: FITSFixedWarning: 'datfix' made the change 'Set DATEREF to '1858-11-17' from MJDREF'. [astropy.wcs.wcs]
