Loading python/zen2/3.8.12
  Loading requirement: matplotlib/3.4.3/zen2
--------------------------------------------------------------------------
The library attempted to open the following supporting CUDA libraries,
but each of them failed.  CUDA-aware support is disabled.
libcuda.so.1: cannot open shared object file: No such file or directory
libcuda.dylib: cannot open shared object file: No such file or directory
/usr/lib64/libcuda.so.1: cannot open shared object file: No such file or directory
/usr/lib64/libcuda.dylib: cannot open shared object file: No such file or directory
If you are not interested in CUDA-aware support, then run with
--mca opal_warn_on_missing_libcuda 0 to suppress this message.  If you are interested
in CUDA-aware support, then try setting LD_LIBRARY_PATH to the location
of libcuda.so.1 to get passed this issue.
--------------------------------------------------------------------------
=============================================================================
Warning: particle_families are modified at /site-packages/yt/frontends/ramses
=============================================================================
yt : [ERROR    ] 2024-02-20 08:44:39,483 Could not enable parallelism: only one mpi process is running. To remedy this, launch the Python interpreter as
  mpirun -n <X> python3 <yourscript>.py  # with X > 1 
********************************************************************
 rendering gas properties movie 
********************************************************************
> running filter_snapshots
> processing ramses_snapshot
> found 163 snapshots
> returning 129
>>> done 
# ____________________________________________________________________
/scratch/zt1/project/ricotti-prj/user/ricotti/GC-Fred/CC-Fiducial/output_00338/info_00338.txt
# ____________________________________________________________________
/scratch/zt1/project/ricotti-prj/user/ricotti/GC-Fred/CC-Fiducial/output_00339/info_00339.txt
# ____________________________________________________________________
/scratch/zt1/project/ricotti-prj/user/ricotti/GC-Fred/CC-Fiducial/output_00340/info_00340.txt
# ____________________________________________________________________
/scratch/zt1/project/ricotti-prj/user/ricotti/GC-Fred/CC-Fiducial/output_00341/info_00341.txt
# ____________________________________________________________________
/scratch/zt1/project/ricotti-prj/user/ricotti/GC-Fred/CC-Fiducial/output_00342/info_00342.txt
# ____________________________________________________________________
/scratch/zt1/project/ricotti-prj/user/ricotti/GC-Fred/CC-Fiducial/output_00343/info_00343.txt
# ____________________________________________________________________
/scratch/zt1/project/ricotti-prj/user/ricotti/GC-Fred/CC-Fiducial/output_00344/info_00344.txt
# ____________________________________________________________________
/scratch/zt1/project/ricotti-prj/user/ricotti/GC-Fred/CC-Fiducial/output_00345/info_00345.txt
# ____________________________________________________________________
/scratch/zt1/project/ricotti-prj/user/ricotti/GC-Fred/CC-Fiducial/output_00346/info_00346.txt
# ____________________________________________________________________
/scratch/zt1/project/ricotti-prj/user/ricotti/GC-Fred/CC-Fiducial/output_00347/info_00347.txt
# ____________________________________________________________________
/scratch/zt1/project/ricotti-prj/user/ricotti/GC-Fred/CC-Fiducial/output_00348/info_00348.txt
# ____________________________________________________________________
/scratch/zt1/project/ricotti-prj/user/ricotti/GC-Fred/CC-Fiducial/output_00349/info_00349.txt
# ____________________________________________________________________
/scratch/zt1/project/ricotti-prj/user/ricotti/GC-Fred/CC-Fiducial/output_00350/info_00350.txt
# ____________________________________________________________________
/scratch/zt1/project/ricotti-prj/user/ricotti/GC-Fred/CC-Fiducial/output_00351/info_00351.txt
# ____________________________________________________________________
/scratch/zt1/project/ricotti-prj/user/ricotti/GC-Fred/CC-Fiducial/output_00352/info_00352.txt
# ____________________________________________________________________
/scratch/zt1/project/ricotti-prj/user/ricotti/GC-Fred/CC-Fiducial/output_00353/info_00353.txt
# ____________________________________________________________________
/scratch/zt1/project/ricotti-prj/user/ricotti/GC-Fred/CC-Fiducial/output_00354/info_00354.txt
# ____________________________________________________________________
/scratch/zt1/project/ricotti-prj/user/ricotti/GC-Fred/CC-Fiducial/output_00355/info_00355.txt
# ____________________________________________________________________
/scratch/zt1/project/ricotti-prj/user/ricotti/GC-Fred/CC-Fiducial/output_00356/info_00356.txt
# ____________________________________________________________________
/scratch/zt1/project/ricotti-prj/user/ricotti/GC-Fred/CC-Fiducial/output_00357/info_00357.txt
# ____________________________________________________________________
/scratch/zt1/project/ricotti-prj/user/ricotti/GC-Fred/CC-Fiducial/output_00358/info_00358.txt
# ____________________________________________________________________
/scratch/zt1/project/ricotti-prj/user/ricotti/GC-Fred/CC-Fiducial/output_00359/info_00359.txt
# ____________________________________________________________________
/scratch/zt1/project/ricotti-prj/user/ricotti/GC-Fred/CC-Fiducial/output_00360/info_00360.txt
# ____________________________________________________________________
/scratch/zt1/project/ricotti-prj/user/ricotti/GC-Fred/CC-Fiducial/output_00361/info_00361.txt
# ____________________________________________________________________
/scratch/zt1/project/ricotti-prj/user/ricotti/GC-Fred/CC-Fiducial/output_00362/info_00362.txt
# ____________________________________________________________________
/scratch/zt1/project/ricotti-prj/user/ricotti/GC-Fred/CC-Fiducial/output_00363/info_00363.txt
# ____________________________________________________________________
/scratch/zt1/project/ricotti-prj/user/ricotti/GC-Fred/CC-Fiducial/output_00364/info_00364.txt
# ____________________________________________________________________
/scratch/zt1/project/ricotti-prj/user/ricotti/GC-Fred/CC-Fiducial/output_00365/info_00365.txt
# ____________________________________________________________________
/scratch/zt1/project/ricotti-prj/user/ricotti/GC-Fred/CC-Fiducial/output_00366/info_00366.txt
