Loading python/zen2/3.8.12
  Loading requirement: matplotlib/3.4.3/zen2
--------------------------------------------------------------------------
The library attempted to open the following supporting CUDA libraries,
but each of them failed.  CUDA-aware support is disabled.
libcuda.so.1: cannot open shared object file: No such file or directory
libcuda.dylib: cannot open shared object file: No such file or directory
/usr/lib64/libcuda.so.1: cannot open shared object file: No such file or directory
/usr/lib64/libcuda.dylib: cannot open shared object file: No such file or directory
If you are not interested in CUDA-aware support, then run with
--mca opal_warn_on_missing_libcuda 0 to suppress this message.  If you are interested
in CUDA-aware support, then try setting LD_LIBRARY_PATH to the location
of libcuda.so.1 to get passed this issue.
--------------------------------------------------------------------------
[compute-b7-55.zaratan.umd.edu:1784316] 2 more processes have sent help message help-mpi-common-cuda.txt / dlopen failed
[compute-b7-55.zaratan.umd.edu:1784316] Set MCA parameter "orte_base_help_aggregate" to 0 to see all help / error messages
=============================================================================
Warning: particle_families are modified at /site-packages/yt/frontends/ramses
=============================================================================
=============================================================================
Warning: particle_families are modified at /site-packages/yt/frontends/ramses
=============================================================================
=============================================================================
Warning: particle_families are modified at /site-packages/yt/frontends/ramses
=============================================================================
********************************************************************
 rendering gas properties movie 
********************************************************************
********************************************************************
 rendering gas properties movie 
********************************************************************
> running filter_snapshots
> processing ramses_snapshot
> found 163 snapshots
> returning 163
>>> done 
********************************************************************
 rendering gas properties movie 
********************************************************************
> creating container ../../container_tiramisu/renders/CC-Fiducial/VSFEGas
> running filter_snapshots
> processing ramses_snapshot
> found 163 snapshots
> running filter_snapshots
> processing ramses_snapshot
> found 163 snapshots
> returning 163
>>> done 
> returning 163
>>> done 
# ____________________________________________________________________
/scratch/zt1/project/ricotti-prj/user/ricotti/GC-Fred/CC-Fiducial/output_00304/info_00304.txt
# ____________________________________________________________________
/scratch/zt1/project/ricotti-prj/user/ricotti/GC-Fred/CC-Fiducial/output_00304/info_00304.txt
# ____________________________________________________________________
/scratch/zt1/project/ricotti-prj/user/ricotti/GC-Fred/CC-Fiducial/output_00304/info_00304.txt
[compute-b7-55.zaratan.umd.edu:1784316] 1 more process has sent help message help-mpi-common-cuda.txt / dlopen failed
=============================================================================
Warning: particle_families are modified at /site-packages/yt/frontends/ramses
=============================================================================
********************************************************************
 rendering gas properties movie 
********************************************************************
> running filter_snapshots
> processing ramses_snapshot
> found 163 snapshots
> returning 163
>>> done 
# ____________________________________________________________________
/scratch/zt1/project/ricotti-prj/user/ricotti/GC-Fred/CC-Fiducial/output_00304/info_00304.txt
slurmstepd: error: *** JOB 4922375 ON compute-b7-55 CANCELLED AT 2024-02-20T00:38:57 ***
