Loading python/zen2/3.8.12
  Loading requirement: matplotlib/3.4.3/zen2
--------------------------------------------------------------------------
The library attempted to open the following supporting CUDA libraries,
but each of them failed.  CUDA-aware support is disabled.
libcuda.so.1: cannot open shared object file: No such file or directory
libcuda.dylib: cannot open shared object file: No such file or directory
/usr/lib64/libcuda.so.1: cannot open shared object file: No such file or directory
/usr/lib64/libcuda.dylib: cannot open shared object file: No such file or directory
If you are not interested in CUDA-aware support, then run with
--mca opal_warn_on_missing_libcuda 0 to suppress this message.  If you are interested
in CUDA-aware support, then try setting LD_LIBRARY_PATH to the location
of libcuda.so.1 to get passed this issue.
--------------------------------------------------------------------------
[1704641257.013290] [compute-b7-34:707956:0]          parser.c:2037 UCX  WARN  unused environment variable: UCX_IB_RCACHE_MAX_REGIONS (maybe: UCX_RCACHE_MAX_REGIONS?)
[1704641257.013290] [compute-b7-34:707956:0]          parser.c:2037 UCX  WARN  (set UCX_WARN_UNUSED_ENV_VARS=n to suppress this warning)
=============================================================================
Warning: particle_families are modified at /site-packages/yt/frontends/ramses
=============================================================================
yt : [ERROR    ] 2024-01-07 10:27:57,858 Could not enable parallelism: only one mpi process is running. To remedy this, launch the Python interpreter as
  mpirun -n <X> python3 <yourscript>.py  # with X > 1 
********************************************************************
 rendering gas properties movie 
********************************************************************
> running filter_snapshots
> processing ramses_snapshot
> found 159 snapshots
> returning 157
>>> done 
# ____________________________________________________________________
/scratch/zt1/project/ricotti-prj/user/fgarcia4/ramses/galaxies/data/cluster_evolution/haloD_varSFE_Lfid_Salp_ks20231024/output_00064/info_00064.txt
