Loading python/zen2/3.8.12
  Loading requirement: matplotlib/3.4.3/zen2
--------------------------------------------------------------------------
The library attempted to open the following supporting CUDA libraries,
but each of them failed.  CUDA-aware support is disabled.
libcuda.so.1: cannot open shared object file: No such file or directory
libcuda.dylib: cannot open shared object file: No such file or directory
/usr/lib64/libcuda.so.1: cannot open shared object file: No such file or directory
/usr/lib64/libcuda.dylib: cannot open shared object file: No such file or directory
If you are not interested in CUDA-aware support, then run with
--mca opal_warn_on_missing_libcuda 0 to suppress this message.  If you are interested
in CUDA-aware support, then try setting LD_LIBRARY_PATH to the location
of libcuda.so.1 to get passed this issue.
--------------------------------------------------------------------------
=============================================================================
Warning: particle_families are modified at /site-packages/yt/frontends/ramses
=============================================================================
yt : [ERROR    ] 2024-02-20 00:38:49,262 Could not enable parallelism: only one mpi process is running. To remedy this, launch the Python interpreter as
  mpirun -n <X> python3 <yourscript>.py  # with X > 1 
********************************************************************
 rendering gas properties movie 
********************************************************************
> running filter_snapshots
> processing ramses_snapshot
> found 212 snapshots
> returning 59
>>> done 
# ____________________________________________________________________
/scratch/zt1/project/ricotti-prj/user/fgarcia4/ramses_current_runs/galaxies/data/cluster_evolution/haloD_varSFE_Lfid_Salp_ks20231024/output_00217/info_00217.txt
# ____________________________________________________________________
/scratch/zt1/project/ricotti-prj/user/fgarcia4/ramses_current_runs/galaxies/data/cluster_evolution/haloD_varSFE_Lfid_Salp_ks20231024/output_00218/info_00218.txt
# ____________________________________________________________________
/scratch/zt1/project/ricotti-prj/user/fgarcia4/ramses_current_runs/galaxies/data/cluster_evolution/haloD_varSFE_Lfid_Salp_ks20231024/output_00219/info_00219.txt
# ____________________________________________________________________
/scratch/zt1/project/ricotti-prj/user/fgarcia4/ramses_current_runs/galaxies/data/cluster_evolution/haloD_varSFE_Lfid_Salp_ks20231024/output_00220/info_00220.txt
# ____________________________________________________________________
/scratch/zt1/project/ricotti-prj/user/fgarcia4/ramses_current_runs/galaxies/data/cluster_evolution/haloD_varSFE_Lfid_Salp_ks20231024/output_00221/info_00221.txt
# ____________________________________________________________________
/scratch/zt1/project/ricotti-prj/user/fgarcia4/ramses_current_runs/galaxies/data/cluster_evolution/haloD_varSFE_Lfid_Salp_ks20231024/output_00222/info_00222.txt
# ____________________________________________________________________
/scratch/zt1/project/ricotti-prj/user/fgarcia4/ramses_current_runs/galaxies/data/cluster_evolution/haloD_varSFE_Lfid_Salp_ks20231024/output_00223/info_00223.txt
# ____________________________________________________________________
/scratch/zt1/project/ricotti-prj/user/fgarcia4/ramses_current_runs/galaxies/data/cluster_evolution/haloD_varSFE_Lfid_Salp_ks20231024/output_00224/info_00224.txt
# ____________________________________________________________________
/scratch/zt1/project/ricotti-prj/user/fgarcia4/ramses_current_runs/galaxies/data/cluster_evolution/haloD_varSFE_Lfid_Salp_ks20231024/output_00225/info_00225.txt
# ____________________________________________________________________
/scratch/zt1/project/ricotti-prj/user/fgarcia4/ramses_current_runs/galaxies/data/cluster_evolution/haloD_varSFE_Lfid_Salp_ks20231024/output_00226/info_00226.txt
# ____________________________________________________________________
/scratch/zt1/project/ricotti-prj/user/fgarcia4/ramses_current_runs/galaxies/data/cluster_evolution/haloD_varSFE_Lfid_Salp_ks20231024/output_00227/info_00227.txt
# ____________________________________________________________________
/scratch/zt1/project/ricotti-prj/user/fgarcia4/ramses_current_runs/galaxies/data/cluster_evolution/haloD_varSFE_Lfid_Salp_ks20231024/output_00228/info_00228.txt
# ____________________________________________________________________
/scratch/zt1/project/ricotti-prj/user/fgarcia4/ramses_current_runs/galaxies/data/cluster_evolution/haloD_varSFE_Lfid_Salp_ks20231024/output_00229/info_00229.txt
# ____________________________________________________________________
/scratch/zt1/project/ricotti-prj/user/fgarcia4/ramses_current_runs/galaxies/data/cluster_evolution/haloD_varSFE_Lfid_Salp_ks20231024/output_00230/info_00230.txt
# ____________________________________________________________________
/scratch/zt1/project/ricotti-prj/user/fgarcia4/ramses_current_runs/galaxies/data/cluster_evolution/haloD_varSFE_Lfid_Salp_ks20231024/output_00231/info_00231.txt
# ____________________________________________________________________
/scratch/zt1/project/ricotti-prj/user/fgarcia4/ramses_current_runs/galaxies/data/cluster_evolution/haloD_varSFE_Lfid_Salp_ks20231024/output_00232/info_00232.txt
# ____________________________________________________________________
/scratch/zt1/project/ricotti-prj/user/fgarcia4/ramses_current_runs/galaxies/data/cluster_evolution/haloD_varSFE_Lfid_Salp_ks20231024/output_00233/info_00233.txt
# ____________________________________________________________________
/scratch/zt1/project/ricotti-prj/user/fgarcia4/ramses_current_runs/galaxies/data/cluster_evolution/haloD_varSFE_Lfid_Salp_ks20231024/output_00234/info_00234.txt
# ____________________________________________________________________
/scratch/zt1/project/ricotti-prj/user/fgarcia4/ramses_current_runs/galaxies/data/cluster_evolution/haloD_varSFE_Lfid_Salp_ks20231024/output_00235/info_00235.txt
# ____________________________________________________________________
/scratch/zt1/project/ricotti-prj/user/fgarcia4/ramses_current_runs/galaxies/data/cluster_evolution/haloD_varSFE_Lfid_Salp_ks20231024/output_00236/info_00236.txt
# ____________________________________________________________________
/scratch/zt1/project/ricotti-prj/user/fgarcia4/ramses_current_runs/galaxies/data/cluster_evolution/haloD_varSFE_Lfid_Salp_ks20231024/output_00237/info_00237.txt
# ____________________________________________________________________
/scratch/zt1/project/ricotti-prj/user/fgarcia4/ramses_current_runs/galaxies/data/cluster_evolution/haloD_varSFE_Lfid_Salp_ks20231024/output_00238/info_00238.txt
# ____________________________________________________________________
/scratch/zt1/project/ricotti-prj/user/fgarcia4/ramses_current_runs/galaxies/data/cluster_evolution/haloD_varSFE_Lfid_Salp_ks20231024/output_00239/info_00239.txt
# ____________________________________________________________________
/scratch/zt1/project/ricotti-prj/user/fgarcia4/ramses_current_runs/galaxies/data/cluster_evolution/haloD_varSFE_Lfid_Salp_ks20231024/output_00240/info_00240.txt
# ____________________________________________________________________
/scratch/zt1/project/ricotti-prj/user/fgarcia4/ramses_current_runs/galaxies/data/cluster_evolution/haloD_varSFE_Lfid_Salp_ks20231024/output_00241/info_00241.txt
# ____________________________________________________________________
/scratch/zt1/project/ricotti-prj/user/fgarcia4/ramses_current_runs/galaxies/data/cluster_evolution/haloD_varSFE_Lfid_Salp_ks20231024/output_00242/info_00242.txt
# ____________________________________________________________________
/scratch/zt1/project/ricotti-prj/user/fgarcia4/ramses_current_runs/galaxies/data/cluster_evolution/haloD_varSFE_Lfid_Salp_ks20231024/output_00243/info_00243.txt
# ____________________________________________________________________
/scratch/zt1/project/ricotti-prj/user/fgarcia4/ramses_current_runs/galaxies/data/cluster_evolution/haloD_varSFE_Lfid_Salp_ks20231024/output_00244/info_00244.txt
# ____________________________________________________________________
/scratch/zt1/project/ricotti-prj/user/fgarcia4/ramses_current_runs/galaxies/data/cluster_evolution/haloD_varSFE_Lfid_Salp_ks20231024/output_00245/info_00245.txt
# ____________________________________________________________________
/scratch/zt1/project/ricotti-prj/user/fgarcia4/ramses_current_runs/galaxies/data/cluster_evolution/haloD_varSFE_Lfid_Salp_ks20231024/output_00246/info_00246.txt
# ____________________________________________________________________
/scratch/zt1/project/ricotti-prj/user/fgarcia4/ramses_current_runs/galaxies/data/cluster_evolution/haloD_varSFE_Lfid_Salp_ks20231024/output_00247/info_00247.txt
# ____________________________________________________________________
/scratch/zt1/project/ricotti-prj/user/fgarcia4/ramses_current_runs/galaxies/data/cluster_evolution/haloD_varSFE_Lfid_Salp_ks20231024/output_00248/info_00248.txt
# ____________________________________________________________________
/scratch/zt1/project/ricotti-prj/user/fgarcia4/ramses_current_runs/galaxies/data/cluster_evolution/haloD_varSFE_Lfid_Salp_ks20231024/output_00249/info_00249.txt
--------------------------------------------------------------------------
Primary job  terminated normally, but 1 process returned
a non-zero exit code. Per user-direction, the job has been aborted.
--------------------------------------------------------------------------
--------------------------------------------------------------------------
mpirun noticed that process rank 0 with PID 2877815 on node compute-b7-56 exited on signal 9 (Killed).
--------------------------------------------------------------------------
slurmstepd: error: Detected 1 oom-kill event(s) in StepId=4922457.batch. Some of your processes may have been killed by the cgroup out-of-memory handler.
